<?xml version="1.0" encoding="UTF-8"?>
<testng-results ignored="0" total="1" passed="1" failed="0" skipped="0">
  <reporter-output>
  </reporter-output>
  <suite started-at="2023-10-10T16:26:03Z" name="Default suite" finished-at="2023-10-10T16:26:20Z" duration-ms="17048">
    <groups>
    </groups>
    <test started-at="2023-10-10T16:26:03Z" name="Default test" finished-at="2023-10-10T16:26:20Z" duration-ms="17048">
      <class name="test.HomePageTest">
        <test-method is-config="true" signature="setup()[pri:0, instance:test.HomePageTest@59505b48]" started-at="2023-10-10T12:26:03Z" name="setup" finished-at="2023-10-10T12:26:20Z" duration-ms="16937" status="PASS">
          <reporter-output>
          </reporter-output>
        </test-method> <!-- setup -->
        <test-method signature="hometest()[pri:0, instance:test.HomePageTest@59505b48]" started-at="2023-10-10T12:26:20Z" name="hometest" finished-at="2023-10-10T12:26:20Z" duration-ms="89" status="PASS">
          <reporter-output>
          </reporter-output>
        </test-method> <!-- hometest -->
      </class> <!-- test.HomePageTest -->
    </test> <!-- Default test -->
  </suite> <!-- Default suite -->
</testng-results>
